#
# There is insufficient memory for the Java Runtime Environment to continue.
# Native memory allocation (malloc) failed to allocate 445616 bytes for Chunk::new
# Possible reasons:
#   The system is out of physical RAM or swap space
#   The process is running with CompressedOops enabled, and the Java Heap may be blocking the growth of the native heap
# Possible solutions:
#   Reduce memory load on the system
#   Increase physical memory or swap space
#   Check if swap backing store is full
#   Decrease Java heap size (-Xmx/-Xms)
#   Decrease number of Java threads
#   Decrease Java thread stack sizes (-Xss)
#   Set larger code cache with -XX:ReservedCodeCacheSize=
#   JVM is running with Unscaled Compressed Oops mode in which the Java heap is
#     placed in the first 4GB address space. The Java Heap base address is the
#     maximum limit for the native heap growth. Please use -XX:HeapBaseMinAddress
#     to set the Java Heap base and to place the Java Heap above 4GB virtual address.
# This output file may be truncated or incomplete.
#
#  Out of Memory Error (arena.cpp:184), pid=14048, tid=3440
#
# JRE version: Java(TM) SE Runtime Environment (20.0.2+9) (build 20.0.2+9-78)
# Java VM: Java HotSpot(TM) 64-Bit Server VM (20.0.2+9-78, mixed mode, sharing, tiered, compressed oops, compressed class ptrs, g1 gc, windows-amd64)
# No core dump will be written. Minidumps are not enabled by default on client versions of Windows
#

---------------  S U M M A R Y ------------

Command Line: -Dmaven.multiModuleProjectDirectory=C:\Users\Aziz\Desktop\review-app -Djansi.passthrough=true -Dmaven.home=C:\Program Files\JetBrains\IntelliJ IDEA 2023.2.2\plugins\maven\lib\maven3 -Dclassworlds.conf=C:\Program Files\JetBrains\IntelliJ IDEA 2023.2.2\plugins\maven\lib\maven3\bin\m2.conf -Dmaven.ext.class.path=C:\Program Files\JetBrains\IntelliJ IDEA 2023.2.2\plugins\maven\lib\maven-event-listener.jar -javaagent:C:\Program Files\JetBrains\IntelliJ IDEA 2023.2.2\lib\idea_rt.jar=54053:C:\Program Files\JetBrains\IntelliJ IDEA 2023.2.2\bin -Dfile.encoding=UTF-8 -Dsun.stdout.encoding=UTF-8 -Dsun.stderr.encoding=UTF-8 org.codehaus.classworlds.Launcher -Didea.version=2023.2.2 install

Host: 11th Gen Intel(R) Core(TM) i5-1135G7 @ 2.40GHz, 8 cores, 7G,  Windows 11 , 64 bit Build 22621 (10.0.22621.2506)
Time: Sun Feb  4 13:35:01 2024 Maroc (heure d64 bit Build 22621 (10.0.22621.2506) elapsed time: 21.620008 seconds (0d 0h 0m 21s)

---------------  T H R E A D  ---------------

Current thread (0x000001cc8568e050):  JavaThread "C2 CompilerThread2" daemon [_thread_in_native, id=3440, stack(0x0000003ea2100000,0x0000003ea2200000)]


Current CompileTask:
C2:  21620 5567   !   4       java.nio.file.FileTreeWalker::getAttributes (94 bytes)

Stack: [0x0000003ea2100000,0x0000003ea2200000]
Native frames: (J=compiled Java code, j=interpreted, Vv=VM code, C=native code)
V  [jvm.dll+0x6bc25a]
V  [jvm.dll+0x84971a]
V  [jvm.dll+0x84b315]
V  [jvm.dll+0x84ba13]
V  [jvm.dll+0x280e4f]
V  [jvm.dll+0xc2ab1]
V  [jvm.dll+0xc2dd5]
V  [jvm.dll+0x2f611f]
V  [jvm.dll+0x5e3b0b]
V  [jvm.dll+0x254684]
V  [jvm.dll+0x254a4f]
V  [jvm.dll+0x24d23d]
V  [jvm.dll+0x24a819]
V  [jvm.dll+0x1ce761]
V  [jvm.dll+0x25a0eb]
V  [jvm.dll+0x2587c0]
V  [jvm.dll+0x3f2dd5]
V  [jvm.dll+0x7f5c76]
V  [jvm.dll+0x6baecb]
C  [ucrtbase.dll+0x29363]
C  [KERNEL32.DLL+0x1257d]
C  [ntdll.dll+0x5aa58]


---------------  P R O C E S S  ---------------

Threads class SMR info:
_java_thread_list=0x000001cc84c57950, length=14, elements={
0x000001cca141fe10, 0x000001ccbdb3c240, 0x000001ccbdb3ec90, 0x000001ccbdb41870,
0x000001ccbdb422a0, 0x000001ccbdb42cd0, 0x000001ccbdb43700, 0x000001ccbdb46470,
0x000001ccbdb49090, 0x000001ccfede4eb0, 0x000001ccfeeaa4e0, 0x000001ccfeeaaa30,
0x000001cc853919d0, 0x000001cc8568e050
}

Java Threads: ( => current thread )
  0x000001cca141fe10 JavaThread "main" [_thread_in_native, id=12656, stack(0x0000003ea0500000,0x0000003ea0600000)]
  0x000001ccbdb3c240 JavaThread "Reference Handler" daemon [_thread_blocked, id=17924, stack(0x0000003ea0c00000,0x0000003ea0d00000)]
  0x000001ccbdb3ec90 JavaThread "Finalizer" daemon [_thread_blocked, id=19152, stack(0x0000003ea0d00000,0x0000003ea0e00000)]
  0x000001ccbdb41870 JavaThread "Signal Dispatcher" daemon [_thread_blocked, id=328, stack(0x0000003ea0e00000,0x0000003ea0f00000)]
  0x000001ccbdb422a0 JavaThread "Attach Listener" daemon [_thread_blocked, id=17940, stack(0x0000003ea0f00000,0x0000003ea1000000)]
  0x000001ccbdb42cd0 JavaThread "Service Thread" daemon [_thread_blocked, id=3508, stack(0x0000003ea1000000,0x0000003ea1100000)]
  0x000001ccbdb43700 JavaThread "Monitor Deflation Thread" daemon [_thread_blocked, id=7652, stack(0x0000003ea1100000,0x0000003ea1200000)]
  0x000001ccbdb46470 JavaThread "C2 CompilerThread0" daemon [_thread_in_native, id=6016, stack(0x0000003ea1200000,0x0000003ea1300000)]
  0x000001ccbdb49090 JavaThread "C1 CompilerThread0" daemon [_thread_blocked, id=10452, stack(0x0000003ea1300000,0x0000003ea1400000)]
  0x000001ccfede4eb0 JavaThread "Common-Cleaner" daemon [_thread_blocked, id=17224, stack(0x0000003ea1400000,0x0000003ea1500000)]
  0x000001ccfeeaa4e0 JavaThread "Monitor Ctrl-Break" daemon [_thread_in_native, id=4072, stack(0x0000003ea1500000,0x0000003ea1600000)]
  0x000001ccfeeaaa30 JavaThread "Notification Thread" daemon [_thread_blocked, id=21496, stack(0x0000003ea1600000,0x0000003ea1700000)]
  0x000001cc853919d0 JavaThread "C2 CompilerThread1" daemon [_thread_in_native, id=2616, stack(0x0000003ea1f00000,0x0000003ea2000000)]
=>0x000001cc8568e050 JavaThread "C2 CompilerThread2" daemon [_thread_in_native, id=3440, stack(0x0000003ea2100000,0x0000003ea2200000)]

Other Threads:
  0x000001ccbdb22840 VMThread "VM Thread" [stack: 0x0000003ea0b00000,0x0000003ea0c00000] [id=21476]
  0x000001ccfeead7a0 WatcherThread "VM Periodic Task Thread" [stack: 0x0000003ea1700000,0x0000003ea1800000] [id=21088]
  0x000001cca147c440 WorkerThread "GC Thread#0" [stack: 0x0000003ea0600000,0x0000003ea0700000] [id=21392]
  0x000001cc84086730 WorkerThread "GC Thread#1" [stack: 0x0000003ea1800000,0x0000003ea1900000] [id=18516]
  0x000001cc84086cd0 WorkerThread "GC Thread#2" [stack: 0x0000003ea1900000,0x0000003ea1a00000] [id=14216]
  0x000001cc84086fa0 WorkerThread "GC Thread#3" [stack: 0x0000003ea1a00000,0x0000003ea1b00000] [id=20804]
  0x000001cc84085ec0 WorkerThread "GC Thread#4" [stack: 0x0000003ea1b00000,0x0000003ea1c00000] [id=21076]
  0x000001cc84085bf0 WorkerThread "GC Thread#5" [stack: 0x0000003ea1c00000,0x0000003ea1d00000] [id=19588]
  0x000001cc84087270 WorkerThread "GC Thread#6" [stack: 0x0000003ea1d00000,0x0000003ea1e00000] [id=19296]
  0x000001cc84086190 WorkerThread "GC Thread#7" [stack: 0x0000003ea1e00000,0x0000003ea1f00000] [id=4832]
  0x000001cca148c090 ConcurrentGCThread "G1 Main Marker" [stack: 0x0000003ea0700000,0x0000003ea0800000] [id=12428]
  0x000001cca148cac0 WorkerThread "G1 Conc#0" [stack: 0x0000003ea0800000,0x0000003ea0900000] [id=7036]
  0x000001ccff7387e0 WorkerThread "G1 Conc#1" [stack: 0x0000003ea2000000,0x0000003ea2100000] [id=7288]
  0x000001cca14de7e0 ConcurrentGCThread "G1 Refine#0" [stack: 0x0000003ea0900000,0x0000003ea0a00000] [id=18472]
  0x000001ccbd9e1390 ConcurrentGCThread "G1 Service" [stack: 0x0000003ea0a00000,0x0000003ea0b00000] [id=1460]

Threads with active compile tasks:
C2 CompilerThread0    21691 5576   !   4       jdk.nio.zipfs.ZipFileSystem::getFileAttributes (169 bytes)
C2 CompilerThread1    21691 5566   !   4       java.nio.file.FileTreeWalker::visit (204 bytes)
C2 CompilerThread2    21691 5567   !   4       java.nio.file.FileTreeWalker::getAttributes (94 bytes)

VM state: not at safepoint (normal execution)

VM Mutex/Monitor currently owned by a thread: None

Heap address: 0x0000000089600000, size: 1898 MB, Compressed Oops mode: 32-bit

CDS archive(s) mapped at: [0x000001ccbdc00000-0x000001ccbe860000-0x000001ccbe860000), size 12976128, SharedBaseAddress: 0x000001ccbdc00000, ArchiveRelocationMode: 1.
Compressed class space mapped at: 0x000001ccbec00000-0x000001ccfec00000, reserved size: 1073741824
Narrow klass base: 0x000001ccbdc00000, Narrow klass shift: 0, Narrow klass range: 0x100000000

GC Precious Log:
 CardTable entry size: 512
 Card Set container configuration: InlinePtr #cards 5 size 8 Array Of Cards #cards 12 size 40 Howl #buckets 4 coarsen threshold 1843 Howl Bitmap #cards 512 size 80 coarsen threshold 460 Card regions per heap region 1 cards per card region 2048
 CPUs: 8 total, 8 available
 Memory: 7589M
 Large Page Support: Disabled
 NUMA Support: Disabled
 Compressed Oops: Enabled (32-bit)
 Heap Region Size: 1M
 Heap Min Capacity: 8M
 Heap Initial Capacity: 120M
 Heap Max Capacity: 1898M
 Pre-touch: Disabled
 Parallel Workers: 8
 Concurrent Workers: 2
 Concurrent Refinement Workers: 8
 Periodic GC: Disabled

Heap:
 garbage-first heap   total 89088K, used 48638K [0x0000000089600000, 0x0000000100000000)
  region size 1024K, 30 young (30720K), 8 survivors (8192K)
 Metaspace       used 25946K, committed 26304K, reserved 1114112K
  class space    used 2899K, committed 3072K, reserved 1048576K

Heap Regions: E=young(eden), S=young(survivor), O=old, HS=humongous(starts), HC=humongous(continues), CS=collection set, F=free, OA=open archive, CA=closed archive, TAMS=top-at-mark-start, PB=parsable bottom
|   0|0x0000000089600000, 0x0000000089700000, 0x0000000089700000|100%| O|  |TAMS 0x0000000089600000| PB 0x0000000089600000| Untracked 
|   1|0x0000000089700000, 0x0000000089800000, 0x0000000089800000|100%| O|  |TAMS 0x0000000089700000| PB 0x0000000089700000| Untracked 
|   2|0x0000000089800000, 0x0000000089900000, 0x0000000089900000|100%| O|  |TAMS 0x0000000089800000| PB 0x0000000089800000| Untracked 
|   3|0x0000000089900000, 0x0000000089a00000, 0x0000000089a00000|100%| O|  |TAMS 0x0000000089900000| PB 0x0000000089900000| Untracked 
|   4|0x0000000089a00000, 0x0000000089b00000, 0x0000000089b00000|100%|HS|  |TAMS 0x0000000089a00000| PB 0x0000000089a00000| Complete 
|   5|0x0000000089b00000, 0x0000000089c00000, 0x0000000089c00000|100%| O|  |TAMS 0x0000000089b00000| PB 0x0000000089b00000| Untracked 
|   6|0x0000000089c00000, 0x0000000089d00000, 0x0000000089d00000|100%| O|  |TAMS 0x0000000089c00000| PB 0x0000000089c00000| Untracked 
|   7|0x0000000089d00000, 0x0000000089e00000, 0x0000000089e00000|100%| O|  |TAMS 0x0000000089d00000| PB 0x0000000089d00000| Untracked 
|   8|0x0000000089e00000, 0x0000000089f00000, 0x0000000089f00000|100%| O|  |TAMS 0x0000000089e00000| PB 0x0000000089e00000| Untracked 
|   9|0x0000000089f00000, 0x000000008a000000, 0x000000008a000000|100%| O|  |TAMS 0x0000000089f00000| PB 0x0000000089f00000| Untracked 
|  10|0x000000008a000000, 0x000000008a100000, 0x000000008a100000|100%| O|  |TAMS 0x000000008a000000| PB 0x000000008a000000| Untracked 
|  11|0x000000008a100000, 0x000000008a200000, 0x000000008a200000|100%| O|  |TAMS 0x000000008a100000| PB 0x000000008a100000| Untracked 
|  12|0x000000008a200000, 0x000000008a300000, 0x000000008a300000|100%| O|  |TAMS 0x000000008a200000| PB 0x000000008a200000| Untracked 
|  13|0x000000008a300000, 0x000000008a37fa00, 0x000000008a400000| 49%| O|  |TAMS 0x000000008a300000| PB 0x000000008a300000| Complete 
|  14|0x000000008a400000, 0x000000008a500000, 0x000000008a500000|100%|HS|  |TAMS 0x000000008a400000| PB 0x000000008a400000| Complete 
|  15|0x000000008a500000, 0x000000008a600000, 0x000000008a600000|100%|HC|  |TAMS 0x000000008a500000| PB 0x000000008a500000| Complete 
|  16|0x000000008a600000, 0x000000008a700000, 0x000000008a700000|100%|HS|  |TAMS 0x000000008a600000| PB 0x000000008a600000| Complete 
|  17|0x000000008a700000, 0x000000008a800000, 0x000000008a800000|100%|HC|  |TAMS 0x000000008a700000| PB 0x000000008a700000| Complete 
|  18|0x000000008a800000, 0x000000008a900000, 0x000000008a900000|100%|HS|  |TAMS 0x000000008a800000| PB 0x000000008a800000| Complete 
|  19|0x000000008a900000, 0x000000008a900000, 0x000000008aa00000|  0%| F|  |TAMS 0x000000008a900000| PB 0x000000008a900000| Untracked 
|  20|0x000000008aa00000, 0x000000008aa00000, 0x000000008ab00000|  0%| F|  |TAMS 0x000000008aa00000| PB 0x000000008aa00000| Untracked 
|  21|0x000000008ab00000, 0x000000008ab00000, 0x000000008ac00000|  0%| F|  |TAMS 0x000000008ab00000| PB 0x000000008ab00000| Untracked 
|  22|0x000000008ac00000, 0x000000008ac00000, 0x000000008ad00000|  0%| F|  |TAMS 0x000000008ac00000| PB 0x000000008ac00000| Untracked 
|  23|0x000000008ad00000, 0x000000008ad00000, 0x000000008ae00000|  0%| F|  |TAMS 0x000000008ad00000| PB 0x000000008ad00000| Untracked 
|  24|0x000000008ae00000, 0x000000008ae00000, 0x000000008af00000|  0%| F|  |TAMS 0x000000008ae00000| PB 0x000000008ae00000| Untracked 
|  25|0x000000008af00000, 0x000000008af00000, 0x000000008b000000|  0%| F|  |TAMS 0x000000008af00000| PB 0x000000008af00000| Untracked 
|  26|0x000000008b000000, 0x000000008b000000, 0x000000008b100000|  0%| F|  |TAMS 0x000000008b000000| PB 0x000000008b000000| Untracked 
|  27|0x000000008b100000, 0x000000008b100000, 0x000000008b200000|  0%| F|  |TAMS 0x000000008b100000| PB 0x000000008b100000| Untracked 
|  28|0x000000008b200000, 0x000000008b200000, 0x000000008b300000|  0%| F|  |TAMS 0x000000008b200000| PB 0x000000008b200000| Untracked 
|  29|0x000000008b300000, 0x000000008b300000, 0x000000008b400000|  0%| F|  |TAMS 0x000000008b300000| PB 0x000000008b300000| Untracked 
|  30|0x000000008b400000, 0x000000008b400000, 0x000000008b500000|  0%| F|  |TAMS 0x000000008b400000| PB 0x000000008b400000| Untracked 
|  31|0x000000008b500000, 0x000000008b500000, 0x000000008b600000|  0%| F|  |TAMS 0x000000008b500000| PB 0x000000008b500000| Untracked 
|  32|0x000000008b600000, 0x000000008b600000, 0x000000008b700000|  0%| F|  |TAMS 0x000000008b600000| PB 0x000000008b600000| Untracked 
|  33|0x000000008b700000, 0x000000008b700000, 0x000000008b800000|  0%| F|  |TAMS 0x000000008b700000| PB 0x000000008b700000| Untracked 
|  34|0x000000008b800000, 0x000000008b800000, 0x000000008b900000|  0%| F|  |TAMS 0x000000008b800000| PB 0x000000008b800000| Untracked 
|  35|0x000000008b900000, 0x000000008b900000, 0x000000008ba00000|  0%| F|  |TAMS 0x000000008b900000| PB 0x000000008b900000| Untracked 
|  36|0x000000008ba00000, 0x000000008ba00000, 0x000000008bb00000|  0%| F|  |TAMS 0x000000008ba00000| PB 0x000000008ba00000| Untracked 
|  37|0x000000008bb00000, 0x000000008bb00000, 0x000000008bc00000|  0%| F|  |TAMS 0x000000008bb00000| PB 0x000000008bb00000| Untracked 
|  38|0x000000008bc00000, 0x000000008bc00000, 0x000000008bd00000|  0%| F|  |TAMS 0x000000008bc00000| PB 0x000000008bc00000| Untracked 
|  39|0x000000008bd00000, 0x000000008bd00000, 0x000000008be00000|  0%| F|  |TAMS 0x000000008bd00000| PB 0x000000008bd00000| Untracked 
|  40|0x000000008be00000, 0x000000008be00000, 0x000000008bf00000|  0%| F|  |TAMS 0x000000008be00000| PB 0x000000008be00000| Untracked 
|  41|0x000000008bf00000, 0x000000008bf00000, 0x000000008c000000|  0%| F|  |TAMS 0x000000008bf00000| PB 0x000000008bf00000| Untracked 
|  42|0x000000008c000000, 0x000000008c000000, 0x000000008c100000|  0%| F|  |TAMS 0x000000008c000000| PB 0x000000008c000000| Untracked 
|  43|0x000000008c100000, 0x000000008c100000, 0x000000008c200000|  0%| F|  |TAMS 0x000000008c100000| PB 0x000000008c100000| Untracked 
|  44|0x000000008c200000, 0x000000008c200000, 0x000000008c300000|  0%| F|  |TAMS 0x000000008c200000| PB 0x000000008c200000| Untracked 
|  45|0x000000008c300000, 0x000000008c300000, 0x000000008c400000|  0%| F|  |TAMS 0x000000008c300000| PB 0x000000008c300000| Untracked 
|  46|0x000000008c400000, 0x000000008c400000, 0x000000008c500000|  0%| F|  |TAMS 0x000000008c400000| PB 0x000000008c400000| Untracked 
|  47|0x000000008c500000, 0x000000008c500000, 0x000000008c600000|  0%| F|  |TAMS 0x000000008c500000| PB 0x000000008c500000| Untracked 
|  48|0x000000008c600000, 0x000000008c600000, 0x000000008c700000|  0%| F|  |TAMS 0x000000008c600000| PB 0x000000008c600000| Untracked 
|  49|0x000000008c700000, 0x000000008c700000, 0x000000008c800000|  0%| F|  |TAMS 0x000000008c700000| PB 0x000000008c700000| Untracked 
|  50|0x000000008c800000, 0x000000008c800000, 0x000000008c900000|  0%| F|  |TAMS 0x000000008c800000| PB 0x000000008c800000| Untracked 
|  51|0x000000008c900000, 0x000000008c900000, 0x000000008ca00000|  0%| F|  |TAMS 0x000000008c900000| PB 0x000000008c900000| Untracked 
|  52|0x000000008ca00000, 0x000000008ca00000, 0x000000008cb00000|  0%| F|  |TAMS 0x000000008ca00000| PB 0x000000008ca00000| Untracked 
|  53|0x000000008cb00000, 0x000000008cb00000, 0x000000008cc00000|  0%| F|  |TAMS 0x000000008cb00000| PB 0x000000008cb00000| Untracked 
|  54|0x000000008cc00000, 0x000000008cc00000, 0x000000008cd00000|  0%| F|  |TAMS 0x000000008cc00000| PB 0x000000008cc00000| Untracked 
|  55|0x000000008cd00000, 0x000000008cd00000, 0x000000008ce00000|  0%| F|  |TAMS 0x000000008cd00000| PB 0x000000008cd00000| Untracked 
|  56|0x000000008ce00000, 0x000000008ce00000, 0x000000008cf00000|  0%| F|  |TAMS 0x000000008ce00000| PB 0x000000008ce00000| Untracked 
|  57|0x000000008cf00000, 0x000000008d000000, 0x000000008d000000|100%| E|  |TAMS 0x000000008cf00000| PB 0x000000008cf00000| Complete 
|  58|0x000000008d000000, 0x000000008d100000, 0x000000008d100000|100%| E|CS|TAMS 0x000000008d000000| PB 0x000000008d000000| Complete 
|  59|0x000000008d100000, 0x000000008d200000, 0x000000008d200000|100%| E|CS|TAMS 0x000000008d100000| PB 0x000000008d100000| Complete 
|  60|0x000000008d200000, 0x000000008d300000, 0x000000008d300000|100%| E|CS|TAMS 0x000000008d200000| PB 0x000000008d200000| Complete 
|  61|0x000000008d300000, 0x000000008d400000, 0x000000008d400000|100%| E|CS|TAMS 0x000000008d300000| PB 0x000000008d300000| Complete 
|  62|0x000000008d400000, 0x000000008d500000, 0x000000008d500000|100%| E|CS|TAMS 0x000000008d400000| PB 0x000000008d400000| Complete 
|  63|0x000000008d500000, 0x000000008d600000, 0x000000008d600000|100%| E|CS|TAMS 0x000000008d500000| PB 0x000000008d500000| Complete 
|  64|0x000000008d600000, 0x000000008d700000, 0x000000008d700000|100%| E|CS|TAMS 0x000000008d600000| PB 0x000000008d600000| Complete 
|  65|0x000000008d700000, 0x000000008d800000, 0x000000008d800000|100%| E|CS|TAMS 0x000000008d700000| PB 0x000000008d700000| Complete 
|  66|0x000000008d800000, 0x000000008d900000, 0x000000008d900000|100%| E|CS|TAMS 0x000000008d800000| PB 0x000000008d800000| Complete 
|  67|0x000000008d900000, 0x000000008da00000, 0x000000008da00000|100%| E|CS|TAMS 0x000000008d900000| PB 0x000000008d900000| Complete 
|  68|0x000000008da00000, 0x000000008db00000, 0x000000008db00000|100%| E|CS|TAMS 0x000000008da00000| PB 0x000000008da00000| Complete 
|  69|0x000000008db00000, 0x000000008dc00000, 0x000000008dc00000|100%| E|CS|TAMS 0x000000008db00000| PB 0x000000008db00000| Complete 
|  70|0x000000008dc00000, 0x000000008dd00000, 0x000000008dd00000|100%| E|CS|TAMS 0x000000008dc00000| PB 0x000000008dc00000| Complete 
|  71|0x000000008dd00000, 0x000000008de00000, 0x000000008de00000|100%| E|CS|TAMS 0x000000008dd00000| PB 0x000000008dd00000| Complete 
|  72|0x000000008de00000, 0x000000008df00000, 0x000000008df00000|100%| E|CS|TAMS 0x000000008de00000| PB 0x000000008de00000| Complete 
|  73|0x000000008df00000, 0x000000008e000000, 0x000000008e000000|100%| E|CS|TAMS 0x000000008df00000| PB 0x000000008df00000| Complete 
|  74|0x000000008e000000, 0x000000008e100000, 0x000000008e100000|100%| E|CS|TAMS 0x000000008e000000| PB 0x000000008e000000| Complete 
|  75|0x000000008e100000, 0x000000008e200000, 0x000000008e200000|100%| E|CS|TAMS 0x000000008e100000| PB 0x000000008e100000| Complete 
|  76|0x000000008e200000, 0x000000008e300000, 0x000000008e300000|100%| E|CS|TAMS 0x000000008e200000| PB 0x000000008e200000| Complete 
|  77|0x000000008e300000, 0x000000008e400000, 0x000000008e400000|100%| E|CS|TAMS 0x000000008e300000| PB 0x000000008e300000| Complete 
|  98|0x000000008f800000, 0x000000008f900000, 0x000000008f900000|100%| S|CS|TAMS 0x000000008f800000| PB 0x000000008f800000| Complete 
|  99|0x000000008f900000, 0x000000008fa00000, 0x000000008fa00000|100%| S|CS|TAMS 0x000000008f900000| PB 0x000000008f900000| Complete 
| 100|0x000000008fa00000, 0x000000008fb00000, 0x000000008fb00000|100%| S|CS|TAMS 0x000000008fa00000| PB 0x000000008fa00000| Complete 
| 101|0x000000008fb00000, 0x000000008fc00000, 0x000000008fc00000|100%| S|CS|TAMS 0x000000008fb00000| PB 0x000000008fb00000| Complete 
| 102|0x000000008fc00000, 0x000000008fd00000, 0x000000008fd00000|100%| S|CS|TAMS 0x000000008fc00000| PB 0x000000008fc00000| Complete 
| 103|0x000000008fd00000, 0x000000008fe00000, 0x000000008fe00000|100%| S|CS|TAMS 0x000000008fd00000| PB 0x000000008fd00000| Complete 
| 104|0x000000008fe00000, 0x000000008ff00000, 0x000000008ff00000|100%| S|CS|TAMS 0x000000008fe00000| PB 0x000000008fe00000| Complete 
| 105|0x000000008ff00000, 0x0000000090000000, 0x0000000090000000|100%| S|CS|TAMS 0x000000008ff00000| PB 0x000000008ff00000| Complete 
| 119|0x0000000090d00000, 0x0000000090e00000, 0x0000000090e00000|100%| E|CS|TAMS 0x0000000090d00000| PB 0x0000000090d00000| Complete 

Card table byte_map: [0x000001ccb8be0000,0x000001ccb8fa0000] _byte_map_base: 0x000001ccb8795000

Marking Bits: (CMBitMap*) 0x000001cca147ca70
 Bits: [0x000001ccb9360000, 0x000001ccbb108000)

Polling page: 0x000001cc9f360000

Metaspace:

Usage:
  Non-class:     22.51 MB used.
      Class:      2.83 MB used.
       Both:     25.34 MB used.

Virtual space:
  Non-class space:       64.00 MB reserved,      22.69 MB ( 35%) committed,  1 nodes.
      Class space:        1.00 GB reserved,       3.00 MB ( <1%) committed,  1 nodes.
             Both:        1.06 GB reserved,      25.69 MB (  2%) committed. 

Chunk freelists:
   Non-Class:  1.10 MB
       Class:  1.01 MB
        Both:  2.11 MB

MaxMetaspaceSize: unlimited
CompressedClassSpaceSize: 1.00 GB
Initial GC threshold: 21.00 MB
Current GC threshold: 35.56 MB
CDS: on
MetaspaceReclaimPolicy: balanced
 - commit_granule_bytes: 65536.
 - commit_granule_words: 8192.
 - virtual_space_node_default_size: 8388608.
 - enlarge_chunks_in_place: 1.
 - new_chunks_are_fully_committed: 0.
 - uncommit_free_chunks: 1.
 - use_allocation_guard: 0.


Internal statistics:

num_allocs_failed_limit: 3.
num_arena_births: 226.
num_arena_deaths: 0.
num_vsnodes_births: 2.
num_vsnodes_deaths: 0.
num_space_committed: 411.
num_space_uncommitted: 0.
num_chunks_returned_to_freelist: 3.
num_chunks_taken_from_freelist: 1114.
num_chunk_merges: 3.
num_chunk_splits: 801.
num_chunks_enlarged: 647.
num_inconsistent_stats: 0.

CodeHeap 'non-profiled nmethods': size=120000Kb used=2794Kb max_used=2794Kb free=117205Kb
 bounds [0x000001ccb0fc0000, 0x000001ccb1280000, 0x000001ccb84f0000]
CodeHeap 'profiled nmethods': size=120000Kb used=11785Kb max_used=11785Kb free=108214Kb
 bounds [0x000001cca94f0000, 0x000001ccaa080000, 0x000001ccb0a20000]
CodeHeap 'non-nmethods': size=5760Kb used=1619Kb max_used=1656Kb free=4140Kb
 bounds [0x000001ccb0a20000, 0x000001ccb0c90000, 0x000001ccb0fc0000]
 total_blobs=6106 nmethods=5582 adapters=434
 compilation: enabled
              stopped_count=0, restarted_count=0
 full_count=0

Compilation events (20 events):
Event: 21.495 Thread 0x000001ccbdb49090 5573   !   3       java.lang.Thread::blockedOn (27 bytes)
Event: 21.495 Thread 0x000001ccbdb49090 nmethod 5573 0x000001ccaa066290 code [0x000001ccaa066420, 0x000001ccaa066690]
Event: 21.497 Thread 0x000001ccbdb46470 nmethod 5568 0x000001ccb1279610 code [0x000001ccb1279780, 0x000001ccb1279ad8]
Event: 21.497 Thread 0x000001ccbdb46470 5524  s    4       java.io.ByteArrayOutputStream::write (43 bytes)
Event: 21.508 Thread 0x000001ccbdb46470 nmethod 5524 0x000001ccb1279b90 code [0x000001ccb1279d20, 0x000001ccb127a2b8]
Event: 21.508 Thread 0x000001ccbdb46470 5525       4       java.io.ByteArrayOutputStream::ensureCapacity (32 bytes)
Event: 21.512 Thread 0x000001ccbdb49090 5574       3       java.nio.channels.spi.AbstractInterruptibleChannel::begin (48 bytes)
Event: 21.513 Thread 0x000001ccbdb46470 nmethod 5525 0x000001ccb127a510 code [0x000001ccb127a680, 0x000001ccb127a860]
Event: 21.514 Thread 0x000001ccbdb49090 nmethod 5574 0x000001ccaa066790 code [0x000001ccaa066980, 0x000001ccaa066fb0]
Event: 21.514 Thread 0x000001ccbdb49090 5575       3       java.nio.channels.spi.AbstractInterruptibleChannel::end (53 bytes)
Event: 21.514 Thread 0x000001ccbdb46470 5576   !   4       jdk.nio.zipfs.ZipFileSystem::getFileAttributes (169 bytes)
Event: 21.515 Thread 0x000001ccbdb49090 nmethod 5575 0x000001ccaa067290 code [0x000001ccaa067480, 0x000001ccaa067998]
Event: 21.560 Thread 0x000001ccbdb49090 5587       3       sun.nio.fs.WindowsPath::compareTo (118 bytes)
Event: 21.564 Thread 0x000001ccbdb49090 nmethod 5587 0x000001ccaa067b90 code [0x000001ccaa067ea0, 0x000001ccaa069340]
Event: 21.573 Thread 0x000001ccbdb49090 5588   !   3       jdk.nio.zipfs.ZipFileSystem::readFullyAt (67 bytes)
Event: 21.575 Thread 0x000001ccbdb49090 nmethod 5588 0x000001ccaa069c10 code [0x000001ccaa069e00, 0x000001ccaa06a428]
Event: 21.575 Thread 0x000001ccbdb49090 5589   !   3       sun.nio.ch.FileChannelImpl::read (105 bytes)
Event: 21.577 Thread 0x000001ccbdb49090 nmethod 5589 0x000001ccaa06a710 code [0x000001ccaa06a940, 0x000001ccaa06b138]
Event: 21.613 Thread 0x000001ccbdb49090 5592       3       java.util.Optional::isEmpty (13 bytes)
Event: 21.613 Thread 0x000001ccbdb49090 nmethod 5592 0x000001ccaa06b410 code [0x000001ccaa06b5a0, 0x000001ccaa06b710]

GC Heap History (10 events):
Event: 4.819 GC heap before
{Heap before GC invocations=0 (full 0):
 garbage-first heap   total 122880K, used 22528K [0x0000000089600000, 0x0000000100000000)
  region size 1024K, 23 young (23552K), 0 survivors (0K)
 Metaspace       used 6000K, committed 6144K, reserved 1114112K
  class space    used 684K, committed 768K, reserved 1048576K
}
Event: 4.841 GC heap after
{Heap after GC invocations=1 (full 0):
 garbage-first heap   total 122880K, used 3887K [0x0000000089600000, 0x0000000100000000)
  region size 1024K, 3 young (3072K), 3 survivors (3072K)
 Metaspace       used 6000K, committed 6144K, reserved 1114112K
  class space    used 684K, committed 768K, reserved 1048576K
}
Event: 7.985 GC heap before
{Heap before GC invocations=1 (full 0):
 garbage-first heap   total 122880K, used 32559K [0x0000000089600000, 0x0000000100000000)
  region size 1024K, 31 young (31744K), 3 survivors (3072K)
 Metaspace       used 9905K, committed 10048K, reserved 1114112K
  class space    used 1156K, committed 1216K, reserved 1048576K
}
Event: 8.006 GC heap after
{Heap after GC invocations=2 (full 0):
 garbage-first heap   total 122880K, used 5409K [0x0000000089600000, 0x0000000100000000)
  region size 1024K, 2 young (2048K), 2 survivors (2048K)
 Metaspace       used 9905K, committed 10048K, reserved 1114112K
  class space    used 1156K, committed 1216K, reserved 1048576K
}
Event: 14.556 GC heap before
{Heap before GC invocations=2 (full 0):
 garbage-first heap   total 122880K, used 77089K [0x0000000089600000, 0x0000000100000000)
  region size 1024K, 72 young (73728K), 2 survivors (2048K)
 Metaspace       used 16116K, committed 16448K, reserved 1114112K
  class space    used 1830K, committed 1984K, reserved 1048576K
}
Event: 14.607 GC heap after
{Heap after GC invocations=3 (full 0):
 garbage-first heap   total 122880K, used 13265K [0x0000000089600000, 0x0000000100000000)
  region size 1024K, 9 young (9216K), 9 survivors (9216K)
 Metaspace       used 16116K, committed 16448K, reserved 1114112K
  class space    used 1830K, committed 1984K, reserved 1048576K
}
Event: 19.339 GC heap before
{Heap before GC invocations=3 (full 0):
 garbage-first heap   total 122880K, used 78801K [0x0000000089600000, 0x0000000100000000)
  region size 1024K, 72 young (73728K), 9 survivors (9216K)
 Metaspace       used 19983K, committed 20352K, reserved 1114112K
  class space    used 2210K, committed 2368K, reserved 1048576K
}
Event: 19.400 GC heap after
{Heap after GC invocations=4 (full 0):
 garbage-first heap   total 122880K, used 16894K [0x0000000089600000, 0x0000000100000000)
  region size 1024K, 4 young (4096K), 4 survivors (4096K)
 Metaspace       used 19983K, committed 20352K, reserved 1114112K
  class space    used 2210K, committed 2368K, reserved 1048576K
}
Event: 20.020 GC heap before
{Heap before GC invocations=4 (full 0):
 garbage-first heap   total 122880K, used 34302K [0x0000000089600000, 0x0000000100000000)
  region size 1024K, 18 young (18432K), 4 survivors (4096K)
 Metaspace       used 21197K, committed 21504K, reserved 1114112K
  class space    used 2394K, committed 2560K, reserved 1048576K
}
Event: 20.049 GC heap after
{Heap after GC invocations=5 (full 0):
 garbage-first heap   total 122880K, used 25086K [0x0000000089600000, 0x0000000100000000)
  region size 1024K, 8 young (8192K), 8 survivors (8192K)
 Metaspace       used 21197K, committed 21504K, reserved 1114112K
  class space    used 2394K, committed 2560K, reserved 1048576K
}

Dll operation events (12 events):
Event: 0.055 Loaded shared library C:\Program Files\Java\jdk-20\bin\java.dll
Event: 0.302 Loaded shared library C:\Program Files\Java\jdk-20\bin\jsvml.dll
Event: 2.167 Loaded shared library C:\Program Files\Java\jdk-20\bin\zip.dll
Event: 2.172 Loaded shared library C:\Program Files\Java\jdk-20\bin\instrument.dll
Event: 2.192 Loaded shared library C:\Program Files\Java\jdk-20\bin\net.dll
Event: 2.197 Loaded shared library C:\Program Files\Java\jdk-20\bin\nio.dll
Event: 2.208 Loaded shared library C:\Program Files\Java\jdk-20\bin\zip.dll
Event: 2.267 Loaded shared library C:\Program Files\JetBrains\IntelliJ IDEA 2023.2.2\bin\breakgen64.dll
Event: 2.456 Loaded shared library C:\Program Files\Java\jdk-20\bin\extnet.dll
Event: 2.867 Loaded shared library C:\Program Files\Java\jdk-20\bin\jimage.dll
Event: 2.923 Loaded shared library C:\Users\Aziz\AppData\Local\Temp\jansi-2.4.0-ab30f7fcc767e54c-jansi.dll
Event: 2.952 Loaded shared library C:\Program Files\Java\jdk-20\bin\verify.dll

Deoptimization events (20 events):
Event: 21.470 Thread 0x000001cca141fe10 Uncommon trap: trap_request=0xffffffd6 fr.pc=0x000001ccb126dea8 relative=0x0000000000000528
Event: 21.470 Thread 0x000001cca141fe10 Uncommon trap: reason=array_check action=maybe_recompile pc=0x000001ccb126dea8 method=java.util.LinkedHashMap.valuesToArray([Ljava/lang/Object;)[Ljava/lang/Object; @ 25 c2
Event: 21.470 Thread 0x000001cca141fe10 DEOPT PACKING pc=0x000001ccb126dea8 sp=0x0000003ea05fca50
Event: 21.470 Thread 0x000001cca141fe10 DEOPT UNPACKING pc=0x000001ccb0a3d2a2 sp=0x0000003ea05fc9f8 mode 2
Event: 21.481 Thread 0x000001cca141fe10 Uncommon trap: trap_request=0xffffffd6 fr.pc=0x000001ccb126dea8 relative=0x0000000000000528
Event: 21.481 Thread 0x000001cca141fe10 Uncommon trap: reason=array_check action=maybe_recompile pc=0x000001ccb126dea8 method=java.util.LinkedHashMap.valuesToArray([Ljava/lang/Object;)[Ljava/lang/Object; @ 25 c2
Event: 21.481 Thread 0x000001cca141fe10 DEOPT PACKING pc=0x000001ccb126dea8 sp=0x0000003ea05fca50
Event: 21.481 Thread 0x000001cca141fe10 DEOPT UNPACKING pc=0x000001ccb0a3d2a2 sp=0x0000003ea05fc9f8 mode 2
Event: 21.493 Thread 0x000001cca141fe10 Uncommon trap: trap_request=0xffffffd6 fr.pc=0x000001ccb126dea8 relative=0x0000000000000528
Event: 21.493 Thread 0x000001cca141fe10 Uncommon trap: reason=array_check action=maybe_recompile pc=0x000001ccb126dea8 method=java.util.LinkedHashMap.valuesToArray([Ljava/lang/Object;)[Ljava/lang/Object; @ 25 c2
Event: 21.493 Thread 0x000001cca141fe10 DEOPT PACKING pc=0x000001ccb126dea8 sp=0x0000003ea05fca50
Event: 21.493 Thread 0x000001cca141fe10 DEOPT UNPACKING pc=0x000001ccb0a3d2a2 sp=0x0000003ea05fc9f8 mode 2
Event: 21.503 Thread 0x000001cca141fe10 Uncommon trap: trap_request=0xffffffd6 fr.pc=0x000001ccb126dea8 relative=0x0000000000000528
Event: 21.503 Thread 0x000001cca141fe10 Uncommon trap: reason=array_check action=maybe_recompile pc=0x000001ccb126dea8 method=java.util.LinkedHashMap.valuesToArray([Ljava/lang/Object;)[Ljava/lang/Object; @ 25 c2
Event: 21.503 Thread 0x000001cca141fe10 DEOPT PACKING pc=0x000001ccb126dea8 sp=0x0000003ea05fca50
Event: 21.503 Thread 0x000001cca141fe10 DEOPT UNPACKING pc=0x000001ccb0a3d2a2 sp=0x0000003ea05fc9f8 mode 2
Event: 21.522 Thread 0x000001cca141fe10 Uncommon trap: trap_request=0xffffffd6 fr.pc=0x000001ccb126efdc relative=0x00000000000006bc
Event: 21.522 Thread 0x000001cca141fe10 Uncommon trap: reason=array_check action=maybe_recompile pc=0x000001ccb126efdc method=java.util.LinkedHashMap.valuesToArray([Ljava/lang/Object;)[Ljava/lang/Object; @ 25 c2
Event: 21.522 Thread 0x000001cca141fe10 DEOPT PACKING pc=0x000001ccb126efdc sp=0x0000003ea05fca50
Event: 21.522 Thread 0x000001cca141fe10 DEOPT UNPACKING pc=0x000001ccb0a3d2a2 sp=0x0000003ea05fc9f8 mode 2

Classes loaded (20 events):
Event: 21.273 Loading class java/nio/file/FileVisitor
Event: 21.273 Loading class java/nio/file/FileVisitor done
Event: 21.275 Loading class sun/nio/fs/WindowsFileStore
Event: 21.276 Loading class sun/nio/fs/WindowsFileStore done
Event: 21.280 Loading class java/nio/file/SimpleFileVisitor
Event: 21.280 Loading class java/nio/file/SimpleFileVisitor done
Event: 21.280 Loading class java/nio/file/FileTreeWalker
Event: 21.281 Loading class java/nio/file/FileTreeWalker done
Event: 21.281 Loading class java/nio/file/FileTreeWalker$DirectoryNode
Event: 21.281 Loading class java/nio/file/FileTreeWalker$DirectoryNode done
Event: 21.282 Loading class java/nio/file/FileTreeWalker$Event
Event: 21.282 Loading class java/nio/file/FileTreeWalker$Event done
Event: 21.282 Loading class java/nio/file/FileTreeWalker$EventType
Event: 21.282 Loading class java/nio/file/FileTreeWalker$EventType done
Event: 21.282 Loading class java/nio/file/Files$3
Event: 21.282 Loading class java/nio/file/Files$3 done
Event: 21.282 Loading class java/nio/file/FileVisitResult
Event: 21.282 Loading class java/nio/file/FileVisitResult done
Event: 21.282 Loading class sun/nio/fs/BasicFileAttributesHolder
Event: 21.283 Loading class sun/nio/fs/BasicFileAttributesHolder done

Classes unloaded (0 events):
No events

Classes redefined (0 events):
No events

Internal exceptions (20 events):
Event: 17.569 Thread 0x000001cca141fe10 Exception <a 'sun/nio/fs/WindowsException'{0x000000008df65ed0}> (0x000000008df65ed0) 
thrown [s\open\src\hotspot\share\prims\jni.cpp, line 519]
Event: 17.575 Thread 0x000001cca141fe10 Exception <a 'sun/nio/fs/WindowsException'{0x000000008df670a8}> (0x000000008df670a8) 
thrown [s\open\src\hotspot\share\prims\jni.cpp, line 519]
Event: 17.580 Thread 0x000001cca141fe10 Exception <a 'sun/nio/fs/WindowsException'{0x000000008df68280}> (0x000000008df68280) 
thrown [s\open\src\hotspot\share\prims\jni.cpp, line 519]
Event: 17.585 Thread 0x000001cca141fe10 Exception <a 'sun/nio/fs/WindowsException'{0x000000008df69490}> (0x000000008df69490) 
thrown [s\open\src\hotspot\share\prims\jni.cpp, line 519]
Event: 17.589 Thread 0x000001cca141fe10 Exception <a 'sun/nio/fs/WindowsException'{0x000000008df6a6b0}> (0x000000008df6a6b0) 
thrown [s\open\src\hotspot\share\prims\jni.cpp, line 519]
Event: 19.044 Thread 0x000001cca141fe10 Exception <a 'java/lang/NoSuchMethodError'{0x000000008d10bce0}: 'int java.lang.invoke.DirectMethodHandle$Holder.invokeInterface(java.lang.Object, java.lang.Object)'> (0x000000008d10bce0) 
thrown [s\open\src\hotspot\share\interpreter\linkResolver.cpp, line 773]
Event: 19.611 Thread 0x000001cca141fe10 Exception <a 'java/lang/NoSuchMethodError'{0x0000000090a32710}: 'int java.lang.invoke.DirectMethodHandle$Holder.invokeVirtual(java.lang.Object, java.lang.Object, java.lang.Object)'> (0x0000000090a32710) 
thrown [s\open\src\hotspot\share\interpreter\linkResolver.cpp, line 773]
Event: 19.612 Thread 0x000001cca141fe10 Exception <a 'java/lang/NoSuchMethodError'{0x0000000090a388e0}: 'void java.lang.invoke.DirectMethodHandle$Holder.invokeInterface(java.lang.Object, java.lang.Object, java.lang.Object)'> (0x0000000090a388e0) 
thrown [s\open\src\hotspot\share\interpreter\linkResolver.cpp, line 773]
Event: 19.618 Thread 0x000001cca141fe10 Exception <a 'java/lang/NoSuchMethodError'{0x0000000090a43e20}: 'int java.lang.invoke.DirectMethodHandle$Holder.invokeStaticInit(java.lang.Object, java.lang.Object, java.lang.Object)'> (0x0000000090a43e20) 
thrown [s\open\src\hotspot\share\interpreter\linkResolver.cpp, line 773]
Event: 19.811 Thread 0x000001cca141fe10 Implicit null exception at 0x000001ccb1237d1a to 0x000001ccb1237e42
Event: 19.955 Thread 0x000001cca141fe10 Exception <a 'sun/nio/fs/WindowsException'{0x00000000901c1328}> (0x00000000901c1328) 
thrown [s\open\src\hotspot\share\prims\jni.cpp, line 519]
Event: 20.579 Thread 0x000001cca141fe10 Exception <a 'java/lang/NoSuchMethodError'{0x000000008e38c788}: 'java.lang.Object java.lang.invoke.DirectMethodHandle$Holder.newInvokeSpecial(java.lang.Object, java.lang.Object, java.lang.Object, java.lang.Object, java.lang.Object, java.lang.Object)'> (0x000000008e38c788) 
thrown [s\open\src\hotspot\share\interpreter\linkResolver.cpp, line 773]
Event: 20.662 Thread 0x000001cca141fe10 Exception <a 'sun/nio/fs/WindowsException'{0x000000008e3d98c8}> (0x000000008e3d98c8) 
thrown [s\open\src\hotspot\share\prims\jni.cpp, line 519]
Event: 21.157 Thread 0x000001cca141fe10 Exception <a 'sun/nio/fs/WindowsException'{0x000000008dd48328}> (0x000000008dd48328) 
thrown [s\open\src\hotspot\share\prims\jni.cpp, line 519]
Event: 21.157 Thread 0x000001cca141fe10 Exception <a 'sun/nio/fs/WindowsException'{0x000000008dd48dd0}> (0x000000008dd48dd0) 
thrown [s\open\src\hotspot\share\prims\jni.cpp, line 519]
Event: 21.158 Thread 0x000001cca141fe10 Exception <a 'sun/nio/fs/WindowsException'{0x000000008dd49930}> (0x000000008dd49930) 
thrown [s\open\src\hotspot\share\prims\jni.cpp, line 519]
Event: 21.199 Thread 0x000001cca141fe10 Exception <a 'java/lang/NoSuchMethodError'{0x000000008dda6088}: 'java.lang.Object java.lang.invoke.DirectMethodHandle$Holder.invokeVirtual(java.lang.Object, java.lang.Object, java.lang.Object, int, int)'> (0x000000008dda6088) 
thrown [s\open\src\hotspot\share\interpreter\linkResolver.cpp, line 773]
Event: 21.201 Thread 0x000001cca141fe10 Exception <a 'java/lang/NoSuchMethodError'{0x000000008ddacb78}: 'java.lang.Object java.lang.invoke.DirectMethodHandle$Holder.invokeVirtual(java.lang.Object, java.lang.Object, int)'> (0x000000008ddacb78) 
thrown [s\open\src\hotspot\share\interpreter\linkResolver.cpp, line 773]
Event: 21.206 Thread 0x000001cca141fe10 Exception <a 'java/lang/NoSuchMethodError'{0x000000008ddbcb18}: 'java.lang.Object java.lang.invoke.DirectMethodHandle$Holder.invokeSpecial(java.lang.Object, java.lang.Object, java.lang.Object, int, int)'> (0x000000008ddbcb18) 
thrown [s\open\src\hotspot\share\interpreter\linkResolver.cpp, line 773]
Event: 21.345 Thread 0x000001cca141fe10 Exception <a 'java/lang/NoSuchMethodError'{0x000000008db99220}: 'void java.lang.invoke.DirectMethodHandle$Holder.invokeSpecial(java.lang.Object, java.lang.Object, java.lang.Object, java.lang.Object, java.lang.Object)'> (0x000000008db99220) 
thrown [s\open\src\hotspot\share\interpreter\linkResolver.cpp, line 773]

VM Operations (20 events):
Event: 19.338 Executing VM operation: G1CollectForAllocation
Event: 19.400 Executing VM operation: G1CollectForAllocation done
Event: 19.626 Executing VM operation: HandshakeAllThreads
Event: 19.626 Executing VM operation: HandshakeAllThreads done
Event: 19.635 Executing VM operation: HandshakeAllThreads
Event: 19.635 Executing VM operation: HandshakeAllThreads done
Event: 19.647 Executing VM operation: HandshakeAllThreads
Event: 19.647 Executing VM operation: HandshakeAllThreads done
Event: 19.654 Executing VM operation: HandshakeAllThreads
Event: 19.654 Executing VM operation: HandshakeAllThreads done
Event: 19.658 Executing VM operation: HandshakeAllThreads
Event: 19.658 Executing VM operation: HandshakeAllThreads done
Event: 20.020 Executing VM operation: CollectForMetadataAllocation
Event: 20.049 Executing VM operation: CollectForMetadataAllocation done
Event: 20.096 Executing VM operation: G1PauseRemark
Event: 20.108 Executing VM operation: G1PauseRemark done
Event: 20.122 Executing VM operation: G1PauseCleanup
Event: 20.122 Executing VM operation: G1PauseCleanup done
Event: 21.132 Executing VM operation: Cleanup
Event: 21.132 Executing VM operation: Cleanup done

Events (20 events):
Event: 1.905 Thread 0x000001ccbdb3ec90 Thread added: 0x000001ccbdb3ec90
Event: 1.906 Thread 0x000001ccbdb41870 Thread added: 0x000001ccbdb41870
Event: 1.907 Thread 0x000001ccbdb422a0 Thread added: 0x000001ccbdb422a0
Event: 1.907 Thread 0x000001ccbdb42cd0 Thread added: 0x000001ccbdb42cd0
Event: 1.908 Thread 0x000001ccbdb43700 Thread added: 0x000001ccbdb43700
Event: 1.921 Thread 0x000001ccbdb46470 Thread added: 0x000001ccbdb46470
Event: 1.976 Thread 0x000001ccbdb49090 Thread added: 0x000001ccbdb49090
Event: 2.061 Thread 0x000001ccfede4eb0 Thread added: 0x000001ccfede4eb0
Event: 2.270 Thread 0x000001ccfeeaa4e0 Thread added: 0x000001ccfeeaa4e0
Event: 2.270 Thread 0x000001ccfeeaaa30 Thread added: 0x000001ccfeeaaa30
Event: 13.203 Thread 0x000001cc8462ace0 Thread added: 0x000001cc8462ace0
Event: 15.944 Thread 0x000001cc8462ace0 Thread exited: 0x000001cc8462ace0
Event: 16.525 Thread 0x000001cc84d34c60 Thread added: 0x000001cc84d34c60
Event: 17.320 Thread 0x000001ccff814710 Thread added: 0x000001ccff814710
Event: 18.512 Thread 0x000001ccff814710 Thread exited: 0x000001ccff814710
Event: 18.544 Thread 0x000001cc84d34c60 Thread exited: 0x000001cc84d34c60
Event: 19.717 Thread 0x000001cc849f2e40 Thread added: 0x000001cc849f2e40
Event: 20.500 Thread 0x000001cc849f2e40 Thread exited: 0x000001cc849f2e40
Event: 21.323 Thread 0x000001cc853919d0 Thread added: 0x000001cc853919d0
Event: 21.409 Thread 0x000001cc8568e050 Thread added: 0x000001cc8568e050


Dynamic libraries:
0x00007ff71ac50000 - 0x00007ff71ac60000 	C:\Program Files\Java\jdk-20\bin\java.exe
0x00007ffb660f0000 - 0x00007ffb66307000 	C:\WINDOWS\SYSTEM32\ntdll.dll
0x00007ffb65420000 - 0x00007ffb654e4000 	C:\WINDOWS\System32\KERNEL32.DLL
0x00007ffb63830000 - 0x00007ffb63bd6000 	C:\WINDOWS\System32\KERNELBASE.dll
0x00007ffb634e0000 - 0x00007ffb635f1000 	C:\WINDOWS\System32\ucrtbase.dll
0x00007ffb33600000 - 0x00007ffb33619000 	C:\Program Files\Java\jdk-20\bin\jli.dll
0x00007ffb65880000 - 0x00007ffb65933000 	C:\WINDOWS\System32\ADVAPI32.dll
0x00007ffb65960000 - 0x00007ffb65a07000 	C:\WINDOWS\System32\msvcrt.dll
0x00007ffb63e40000 - 0x00007ffb63ee8000 	C:\WINDOWS\System32\sechost.dll
0x00007ffb63d00000 - 0x00007ffb63d28000 	C:\WINDOWS\System32\bcrypt.dll
0x00007ffb65a10000 - 0x00007ffb65b27000 	C:\WINDOWS\System32\RPCRT4.dll
0x00007ffb65120000 - 0x00007ffb652ce000 	C:\WINDOWS\System32\USER32.dll
0x00007ffb63430000 - 0x00007ffb63456000 	C:\WINDOWS\System32\win32u.dll
0x00007ffb64560000 - 0x00007ffb64589000 	C:\WINDOWS\System32\GDI32.dll
0x00007ffb63be0000 - 0x00007ffb63cf8000 	C:\WINDOWS\System32\gdi32full.dll
0x00007ffb63d30000 - 0x00007ffb63dca000 	C:\WINDOWS\System32\msvcp_win.dll
0x00007ffb335e0000 - 0x00007ffb335fb000 	C:\Program Files\Java\jdk-20\bin\VCRUNTIME140.dll
0x00007ffb4ca60000 - 0x00007ffb4ccf3000 	C:\WINDOWS\WinSxS\amd64_microsoft.windows.common-controls_6595b64144ccf1df_6.0.22621.2506_none_270c5ae97388e100\COMCTL32.dll
0x00007ffb57df0000 - 0x00007ffb57dfa000 	C:\WINDOWS\SYSTEM32\VERSION.dll
0x00007ffb65030000 - 0x00007ffb65061000 	C:\WINDOWS\System32\IMM32.DLL
0x00007ffb4d0d0000 - 0x00007ffb4d0dc000 	C:\Program Files\Java\jdk-20\bin\vcruntime140_1.dll
0x00007ffb1be10000 - 0x00007ffb1be9e000 	C:\Program Files\Java\jdk-20\bin\msvcp140.dll
0x00007ffb0dd20000 - 0x00007ffb0e9b8000 	C:\Program Files\Java\jdk-20\bin\server\jvm.dll
0x00007ffb42cf0000 - 0x00007ffb42cf9000 	C:\WINDOWS\SYSTEM32\WSOCK32.dll
0x00007ffb64060000 - 0x00007ffb640d1000 	C:\WINDOWS\System32\WS2_32.dll
0x00007ffb58eb0000 - 0x00007ffb58ee4000 	C:\WINDOWS\SYSTEM32\WINMM.dll
0x00007ffb62420000 - 0x00007ffb62438000 	C:\WINDOWS\SYSTEM32\kernel.appcore.dll
0x00007ffb4c5b0000 - 0x00007ffb4c5ba000 	C:\Program Files\Java\jdk-20\bin\jimage.dll
0x00007ffb60a80000 - 0x00007ffb60cb3000 	C:\WINDOWS\SYSTEM32\DBGHELP.DLL
0x00007ffb654f0000 - 0x00007ffb65879000 	C:\WINDOWS\System32\combase.dll
0x00007ffb64df0000 - 0x00007ffb64ec7000 	C:\WINDOWS\System32\OLEAUT32.dll
0x00007ffb46170000 - 0x00007ffb461a2000 	C:\WINDOWS\SYSTEM32\dbgcore.DLL
0x00007ffb63460000 - 0x00007ffb634da000 	C:\WINDOWS\System32\bcryptPrimitives.dll
0x00007ffb44a90000 - 0x00007ffb44a9e000 	C:\Program Files\Java\jdk-20\bin\instrument.dll
0x00007ffb30570000 - 0x00007ffb30596000 	C:\Program Files\Java\jdk-20\bin\java.dll
0x00007ffb1b990000 - 0x00007ffb1ba67000 	C:\Program Files\Java\jdk-20\bin\jsvml.dll
0x00007ffb64590000 - 0x00007ffb64dea000 	C:\WINDOWS\System32\SHELL32.dll
0x00007ffb61330000 - 0x00007ffb61c26000 	C:\WINDOWS\SYSTEM32\windows.storage.dll
0x00007ffb611f0000 - 0x00007ffb6132e000 	C:\WINDOWS\SYSTEM32\wintypes.dll
0x00007ffb64f30000 - 0x00007ffb65023000 	C:\WINDOWS\System32\SHCORE.dll
0x00007ffb650c0000 - 0x00007ffb6511e000 	C:\WINDOWS\System32\shlwapi.dll
0x00007ffb63360000 - 0x00007ffb63386000 	C:\WINDOWS\SYSTEM32\profapi.dll
0x00007ffb308e0000 - 0x00007ffb308f8000 	C:\Program Files\Java\jdk-20\bin\zip.dll
0x00007ffb335c0000 - 0x00007ffb335d3000 	C:\Program Files\Java\jdk-20\bin\net.dll
0x00007ffb5d260000 - 0x00007ffb5d397000 	C:\WINDOWS\SYSTEM32\WINHTTP.dll
0x00007ffb62890000 - 0x00007ffb628f9000 	C:\WINDOWS\system32\mswsock.dll
0x00007ffb30900000 - 0x00007ffb30916000 	C:\Program Files\Java\jdk-20\bin\nio.dll
0x00007ffb44890000 - 0x00007ffb448aa000 	C:\Program Files\JetBrains\IntelliJ IDEA 2023.2.2\bin\breakgen64.dll
0x00007ffb4b560000 - 0x00007ffb4b567000 	C:\Program Files\Java\jdk-20\bin\extnet.dll
0x0000000069ac0000 - 0x0000000069ae4000 	C:\Users\Aziz\AppData\Local\Temp\jansi-2.4.0-ab30f7fcc767e54c-jansi.dll
0x00007ffb4a400000 - 0x00007ffb4a410000 	C:\Program Files\Java\jdk-20\bin\verify.dll
0x00007ffb62440000 - 0x00007ffb62474000 	C:\WINDOWS\SYSTEM32\ntmarta.dll

dbghelp: loaded successfully - version: 4.0.5 - missing functions: none
symbol engine: initialized successfully - sym options: 0x614 - pdb path: .;C:\Program Files\Java\jdk-20\bin;C:\WINDOWS\SYSTEM32;C:\WINDOWS\WinSxS\amd64_microsoft.windows.common-controls_6595b64144ccf1df_6.0.22621.2506_none_270c5ae97388e100;C:\Program Files\Java\jdk-20\bin\server;C:\Program Files\JetBrains\IntelliJ IDEA 2023.2.2\bin;C:\Users\Aziz\AppData\Local\Temp

VM Arguments:
jvm_args: -Dmaven.multiModuleProjectDirectory=C:\Users\Aziz\Desktop\review-app -Djansi.passthrough=true -Dmaven.home=C:\Program Files\JetBrains\IntelliJ IDEA 2023.2.2\plugins\maven\lib\maven3 -Dclassworlds.conf=C:\Program Files\JetBrains\IntelliJ IDEA 2023.2.2\plugins\maven\lib\maven3\bin\m2.conf -Dmaven.ext.class.path=C:\Program Files\JetBrains\IntelliJ IDEA 2023.2.2\plugins\maven\lib\maven-event-listener.jar -javaagent:C:\Program Files\JetBrains\IntelliJ IDEA 2023.2.2\lib\idea_rt.jar=54053:C:\Program Files\JetBrains\IntelliJ IDEA 2023.2.2\bin -Dfile.encoding=UTF-8 -Dsun.stdout.encoding=UTF-8 -Dsun.stderr.encoding=UTF-8 
java_command: org.codehaus.classworlds.Launcher -Didea.version=2023.2.2 install
java_class_path (initial): C:\Program Files\JetBrains\IntelliJ IDEA 2023.2.2\plugins\maven\lib\maven3\boot\plexus-classworlds-2.7.0.jar;C:\Program Files\JetBrains\IntelliJ IDEA 2023.2.2\plugins\maven\lib\maven3\boot\plexus-classworlds.license
Launcher Type: SUN_STANDARD

[Global flags]
     intx CICompilerCount                          = 4                                         {product} {ergonomic}
     uint ConcGCThreads                            = 2                                         {product} {ergonomic}
     uint G1ConcRefinementThreads                  = 8                                         {product} {ergonomic}
   size_t G1HeapRegionSize                         = 1048576                                   {product} {ergonomic}
    uintx GCDrainStackTargetSize                   = 64                                        {product} {ergonomic}
   size_t InitialHeapSize                          = 125829120                                 {product} {ergonomic}
   size_t MarkStackSize                            = 4194304                                   {product} {ergonomic}
   size_t MaxHeapSize                              = 1990197248                                {product} {ergonomic}
   size_t MaxNewSize                               = 1193279488                                {product} {ergonomic}
   size_t MinHeapDeltaBytes                        = 1048576                                   {product} {ergonomic}
   size_t MinHeapSize                              = 8388608                                   {product} {ergonomic}
    uintx NonNMethodCodeHeapSize                   = 5839372                                {pd product} {ergonomic}
    uintx NonProfiledCodeHeapSize                  = 122909434                              {pd product} {ergonomic}
    uintx ProfiledCodeHeapSize                     = 122909434                              {pd product} {ergonomic}
    uintx ReservedCodeCacheSize                    = 251658240                              {pd product} {ergonomic}
     bool SegmentedCodeCache                       = true                                      {product} {ergonomic}
   size_t SoftMaxHeapSize                          = 1990197248                             {manageable} {ergonomic}
     bool UseCompressedClassPointers               = true                           {product lp64_product} {ergonomic}
     bool UseCompressedOops                        = true                           {product lp64_product} {ergonomic}
     bool UseG1GC                                  = true                                      {product} {ergonomic}
     bool UseLargePagesIndividualAllocation        = false                                  {pd product} {ergonomic}

Logging:
Log output configuration:
 #0: stdout all=warning uptime,level,tags foldmultilines=false
 #1: stderr all=off uptime,level,tags foldmultilines=false

Environment Variables:
PATH=C:\Program Files\Common Files\Oracle\Java\javapath;C:\WINDOWS\system32;C:\WINDOWS;C:\WINDOWS\System32\Wbem;C:\WINDOWS\System32\WindowsPowerShell\v1.0\;C:\WINDOWS\System32\OpenSSH\;C:\Program Files\dotnet\;C:\Program Files\Git\cmd;C:\xampp\php;C:\composer;;C:\Program Files\nodejs\;C:\Program Files\Docker\Docker\resources\bin;C:\Program Files\Microsoft SQL Server\150\Tools\Binn\;C:\Users\Aziz\AppData\Local\Microsoft\WindowsApps;C:\Users\Aziz\AppData\Local\Programs\Microsoft VS Code\bin;C:\Users\Aziz\AppData\Roaming\Composer\vendor\bin;C:\xampp\php;C:\Users\Aziz\AppData\Roaming\npm;C:\Users\Aziz\Downloads\apache-maven-3.9.5-bin (1)\apache-maven-3.9.5\bin
USERNAME=Aziz
OS=Windows_NT
PROCESSOR_IDENTIFIER=Intel64 Family 6 Model 140 Stepping 1, GenuineIntel
TMP=C:\Users\Aziz\AppData\Local\Temp
TEMP=C:\Users\Aziz\AppData\Local\Temp




---------------  S Y S T E M  ---------------

OS:
 Windows 11 , 64 bit Build 22621 (10.0.22621.2506)
OS uptime: 0 days 1:52 hours
Hyper-V role detected

CPU: total 8 (initial active 8) (4 cores per cpu, 2 threads per core) family 6 model 140 stepping 1 microcode 0xb4, cx8, cmov, fxsr, ht, mmx, 3dnowpref, sse, sse2, sse3, ssse3, sse4.1, sse4.2, popcnt, lzcnt, tsc, tscinvbit, avx, avx2, aes, erms, clmul, bmi1, bmi2, adx, avx512f, avx512dq, avx512cd, avx512bw, avx512vl, sha, fma, vzeroupper, avx512_vpopcntdq, avx512_vpclmulqdq, avx512_vaes, avx512_vnni, clflush, clflushopt, clwb, avx512_vbmi2, avx512_vbmi, hv, rdtscp, rdpid, fsrm, gfni, avx512_bitalg, f16c, cet_ibt, cet_ss, avx512_ifma

Memory: 4k page, system-wide physical 7589M (673M free)
TotalPageFile size 19589M (AvailPageFile size 0M)
current process WorkingSet (physical memory assigned to process): 190M, peak: 204M
current process commit charge ("private bytes"): 248M, peak: 270M

vm_info: Java HotSpot(TM) 64-Bit Server VM (20.0.2+9-78) for windows-amd64 JRE (20.0.2+9-78), built on 2023-06-14T10:08:48Z by "mach5one" with MS VC++ 17.1 (VS2022)

END.
